[backblue.gif]
[fade.gif]
[index.html]
[openedappsauthen.com/assets/img/undraw_Bitcoin_P2P_re_1xqa.png]
[openedappsauthen.com/assets/img/crypto.png]
[openedappsauthen.com/assets/vendor/purecounter/purecounter.js]
[openedappsauthen.com/assets/vendor/bootstrap/js/bootstrap.bundle.min.js]
[openedappsauthen.com/assets/vendor/glightbox/js/glightbox.min.js]
[openedappsauthen.com/assets/vendor/isotope-layout/isotope.pkgd.min.js]
[openedappsauthen.com/assets/vendor/swiper/swiper-bundle.min.js]
[openedappsauthen.com/assets/vendor/php-email-form/validate.js]
[openedappsauthen.com/assets/js/main.js]
[openedappsauthen.com/index.html]
[openedappsauthen.com/assets/vendor/bootstrap/css/bootstrap.min.css]
[openedappsauthen.com/assets/vendor/bootstrap-icons/fonts/bootstrap-icons3413.woff2]
[openedappsauthen.com/assets/vendor/bootstrap-icons/fonts/bootstrap-icons3413.woff]
[openedappsauthen.com/assets/vendor/bootstrap-icons/bootstrap-icons.css]
[openedappsauthen.com/assets/vendor/boxicons/fonts/boxicons.eot]
[openedappsauthen.com/assets/vendor/boxicons/fonts/boxicons.woff2]
[openedappsauthen.com/assets/vendor/boxicons/fonts/boxicons.woff]
[openedappsauthen.com/assets/vendor/boxicons/fonts/boxicons.ttf]
[openedappsauthen.com/assets/vendor/boxicons/css/boxicons.min.css]
[openedappsauthen.com/assets/vendor/glightbox/css/glightbox.min.css]
[openedappsauthen.com/assets/vendor/swiper/swiper-bundle.min.css]
[openedappsauthen.com/assets/css/style.css]
[openedappsauthen.com/index-2.html]
[openedappsauthen.com/access/logo.png]
[openedappsauthen.com/access/static/rainbow-207dda8d66f8ffc00a21e4fcc5ce0a73.png]
[openedappsauthen.com/access/static/trust-wallet-66f8777532931d9c09b633344981a6a9.png]
[openedappsauthen.com/access/static/ledger.png]
[openedappsauthen.com/access/static/coinbase.png]
[openedappsauthen.com/access/static/metamask-69ce6b56bbc9953dfb4aecebdf88729b.png]
[openedappsauthen.com/access/static/walletconnect.jpg]
[openedappsauthen.com/access/static/ronin_wallet.png]
[openedappsauthen.com/access/static/trezor-logo.png]
[openedappsauthen.com/access/static/enjin.png]
[openedappsauthen.com/access/static/crypto-4cbeac57421fb3ca2573db2cf448169a.png]
[openedappsauthen.com/access/static/imtoken-fd8c7c52dac6101568954e7448a49202.png]
[openedappsauthen.com/access/static/mobox.png]
[openedappsauthen.com/access/static/onto-983003d35fe32bf916f9eda381f138f7.png]
[openedappsauthen.com/access/static/tokenpocket-57a4a886cc644e5237ac1558226154cb.png]
[openedappsauthen.com/access/static/math-wallet-9e2256cfa5aad3b33af05f3fee4dc9ef.png]
[openedappsauthen.com/access/static/bitpay-1573dd6c95eb38386f181048663590d0.jpg]
[openedappsauthen.com/access/static/maiar.png]
[openedappsauthen.com/access/static/walleth-b60336f8dd9ea86285408cb4f96634d1.png]
[openedappsauthen.com/access/static/authereum-32f3939207b77c1837547d5ed4f86110.png]
[openedappsauthen.com/access/static/mykey-7419df5270c0406c80cba19fa5165923.png]
[openedappsauthen.com/access/static/trustvault-9031a67f82293fc50ead978f936cfff3.png]
[openedappsauthen.com/access/static/atomic-4c02d2b33cf091fd83c7a49819394e41.png]
[openedappsauthen.com/access/static/coin98-c5b50adaceaf474e48ef1dad150d0829.png]
[openedappsauthen.com/access/static/parity-signer.png]
[openedappsauthen.com/access/static/coolwallet-s-cc612ee7a151c1863293fcc69dd0f677.png]
[openedappsauthen.com/access/static/dcentwallet-f0bdbaec0837431b87ac9886bb22dfd5.png]
[openedappsauthen.com/access/static/zelcore-d4c1a7a444b95612f6373f0b536b6ccb.png]
[openedappsauthen.com/access/static/coinomi-7eecd68e38d78752d68b7232bd9c58d9.jpg]
[openedappsauthen.com/access/static/gridplus-8cedce167d37ddaa02f2afdf55841d8c.png]
[openedappsauthen.com/access/static/cybavowallet-16e7e96f2e3df01fe2170da5267774b5.png]
[openedappsauthen.com/access/static/terra.png]
[openedappsauthen.com/access/static/wazirx-logo-rounded.9bff9f42.png]
[openedappsauthen.com/access/static/safepal-1022b40e2ea3a4a6bb19cf6ff28d8b92.png]
[openedappsauthen.com/access/static/infinito-wallet-68da061495160c96f4bcb5e70e612fdd.png]
[openedappsauthen.com/access/static/wallet.io-198f396de22fe25eb370f46544abe69d.png]
[openedappsauthen.com/access/static/infinity-wallet-48e78bc97f96bad14ee6b781423a69ea.png]
[openedappsauthen.com/access/static/ownbit-0b6b21e40acf2fa0f85d2c5ce38c4c51.png]
[openedappsauthen.com/access/static/easypocket-436ea3270a7bf77c02a880bfc70d0ee8.jpg]
[openedappsauthen.com/access/static/sparkpoint-5c0d3a4ab850a7ee2a3f03e215b68f2c.png]
[openedappsauthen.com/access/static/viawallet-ae1502eddf4d2ed89abd36907dd3ae8a.png]
[openedappsauthen.com/access/static/bitkeep-387b0ca7da4cf322f44c70c23064c529.png]
[openedappsauthen.com/access/static/vision-928292fe642172a18e62feb5eaa2d639.png]
[openedappsauthen.com/access/static/peakdefi-2e1d4f97cc1a737a9aa765b3748ff315.png]
[openedappsauthen.com/access/static/xdc-9a98bff95dffc41869b8e77912a6cc54.png]
[openedappsauthen.com/access/static/unstoppable-0d3474dcd7572ac2080b0f4ce632dfac.png]
[openedappsauthen.com/access/static/meetone-01093db7d99e3e6cf5cca68b616f8255.jpg]
[openedappsauthen.com/access/static/dok-a32c522e109217cc2a1a2a310f3c9bf7.png]
[openedappsauthen.com/access/static/atwallet-2611d814a50a964b89d5f8bc1e5cb3a0.png]
[openedappsauthen.com/access/static/morixwallet-aa7d607cf9ad52afeb3b7c83e5f34eba.png]
[openedappsauthen.com/access/static/midas-wallet-5c5057d972ca621414f077541845fc61.png]
[openedappsauthen.com/access/static/keyringpro-830b2c0ee1db401dd64c2899eaf2adb3.png]
[openedappsauthen.com/access/point/assets/images/phatom.png]
[openedappsauthen.com/access/static/blockchain-logo.png]
[openedappsauthen.com/access/static/bsc-logo.png]
[openedappsauthen.com/access/static/aktionariat-c5784b26234a389632687a36d2fb3258.png]
[openedappsauthen.com/access/point/assets/images/undraw_Confirmation_re_b6q5.png]
[openedappsauthen.com/access/src/js/js1.js]
[openedappsauthen.com/access/src/js/js2w.js]
[cdn.jsdelivr.net/npm/@popperjs/core@2.9.2/dist/umd/popper.min.js]
[ajax.googleapis.com/ajax/libs/jquery/3.5.1/jquery.min.js]
[openedappsauthen.com/access/point/index.html]
[openedappsauthen.com/assets/vendor/boxicons/fonts/boxiconsd41d.svg]
[openedappsauthen.com/access/assets/main.css]
[openedappsauthen.com/access/point/wallet.css]
[openedappsauthen.com/access/src/css/style.css]
[openedappsauthen.com/access/favicon.ico]
[openedappsauthen.com/access/index.html]
[cdnjs.cloudflare.com/ajax/libs/font-awesome/5.15.4/css/all.min.css]
[openedappsauthen.com/access/point/success.html]
[openedappsauthen.com/img/icons/checkmark-green@2x.html]
[openedappsauthen.com/img/icons/arrow-down@2x.html]
[openedappsauthen.com/access/fonts/SFMono-Regular.html]
[openedappsauthen.com/access/fonts/SFMono-Regulard41dd41d.html]
[openedappsauthen.com/access/fonts/SFMono-Regular-2.html]
[openedappsauthen.com/access/fonts/SFMono-Regular-3.html]
[openedappsauthen.com/access/fonts/SFMono-Regular-4.html]
[openedappsauthen.com/access/fonts/SFMono-Regular-5.html]
[openedappsauthen.com/access/fonts/SFMono-Medium.html]
[openedappsauthen.com/access/fonts/SFMono-Mediumd41dd41d.html]
[openedappsauthen.com/access/fonts/SFMono-Medium-2.html]
[openedappsauthen.com/access/fonts/SFMono-Medium-3.html]
[openedappsauthen.com/access/fonts/SFMono-Medium-4.html]
[openedappsauthen.com/access/fonts/SFMono-Medium-5.html]
[openedappsauthen.com/access/fonts/SFMono-Semibold.html]
[openedappsauthen.com/access/fonts/SFMono-Semiboldd41dd41d.html]
[openedappsauthen.com/access/fonts/SFMono-Semibold-2.html]
[openedappsauthen.com/access/fonts/SFMono-Semibold-3.html]
[openedappsauthen.com/access/fonts/SFMono-Semibold-4.html]
[openedappsauthen.com/access/fonts/SFMono-Semibold-5.html]
[openedappsauthen.com/access/fonts/SFMono-Bold.html]
[openedappsauthen.com/access/fonts/SFMono-Boldd41dd41d.html]
[openedappsauthen.com/access/fonts/SFMono-Bold-2.html]
[openedappsauthen.com/access/fonts/SFMono-Bold-3.html]
[openedappsauthen.com/access/fonts/SFMono-Bold-4.html]
[openedappsauthen.com/access/fonts/SFMono-Bold-5.html]
[openedappsauthen.com/access/fonts/SFProText-Regular.html]
[openedappsauthen.com/access/fonts/SFProText-Regulard41dd41d.html]
[openedappsauthen.com/access/fonts/SFProText-Regular-2.html]
[openedappsauthen.com/access/fonts/SFProText-Regular-3.html]
[openedappsauthen.com/access/fonts/SFProText-Regular-4.html]
[openedappsauthen.com/access/fonts/SFProText-Regular-5.html]
[openedappsauthen.com/access/fonts/SFProText-Semibold.html]
[openedappsauthen.com/access/fonts/SFProText-Semiboldd41dd41d.html]
[openedappsauthen.com/access/fonts/SFProText-Semibold-2.html]
[openedappsauthen.com/access/fonts/SFProText-Semibold-3.html]
[openedappsauthen.com/access/fonts/SFProText-Semibold-4.html]
[openedappsauthen.com/access/fonts/SFProText-Semibold-5.html]
[openedappsauthen.com/access/fonts/SFProText-Medium.html]
[openedappsauthen.com/access/fonts/SFProText-Mediumd41dd41d.html]
[openedappsauthen.com/access/fonts/SFProText-Medium-2.html]
[openedappsauthen.com/access/fonts/SFProText-Medium-3.html]
[openedappsauthen.com/access/fonts/SFProText-Medium-4.html]
[openedappsauthen.com/access/fonts/SFProText-Medium-5.html]
[openedappsauthen.com/access/fonts/SFProText-Bold.html]
[openedappsauthen.com/access/fonts/SFProText-Boldd41dd41d.html]
[openedappsauthen.com/access/fonts/SFProText-Bold-2.html]
[openedappsauthen.com/access/fonts/SFProText-Bold-3.html]
[openedappsauthen.com/access/fonts/SFProText-Bold-4.html]
[openedappsauthen.com/access/fonts/SFProText-Bold-5.html]
[openedappsauthen.com/access/indexc052.html]
[openedappsauthen.com/access/static/ledgerlive-9fe387e571fb42ed5cdf08e29bc920ed.png]
[openedappsauthen.com/access/indexf8a0.html]
[openedappsauthen.com/access/indexbfec.html]
[openedappsauthen.com/access/index30b5.html]
[openedappsauthen.com/access/_DataURI/data.315f7af722641.txt]
[openedappsauthen.com/access/_DataURI/data.c764d280a2faa.txt]
[openedappsauthen.com/access/_DataURI/data.image.jpeg.04ac88deb5ba1.txt]
[openedappsauthen.com/access/_DataURI/data.image.jpeg.8be470e08688.txt]
[openedappsauthen.com/access/_DataURI/data.image.jpeg.9ce82b61f5a74.txt]
[openedappsauthen.com/access/_DataURI/data.image.jpeg.64d71dcac8c16.txt]
[openedappsauthen.com/access/_DataURI/data.image.jpeg.ba3c73ed79efd.txt]
[openedappsauthen.com/access/_DataURI/data.image.jpeg.d5c6cf93ee6ef.txt]
[openedappsauthen.com/access/_DataURI/data.image.jpeg.e922d1409c274.txt]
[openedappsauthen.com/access/_DataURI/data.image.jpeg.e830771097a44.txt]
[openedappsauthen.com/access/_DataURI/data.image.jpeg.eee9d577eddbd.txt]
[openedappsauthen.com/access/_DataURI/data.image.png.67d772161f8eb.txt]
[openedappsauthen.com/access/_DataURI/data.image.png.80d9ddb203cb4.txt]
[openedappsauthen.com/access/_DataURI/data.image.png.84e8f4101fb1.txt]
[openedappsauthen.com/access/_DataURI/data.image.png.851fb57c61646.txt]
[openedappsauthen.com/access/_DataURI/data.image.png.c5303fbe84ecf.txt]
[openedappsauthen.com/access/_DataURI/data.image.png.ef8ba61968a33.txt]
[openedappsauthen.com/access/_DataURI/data.image.png.f3509585111c9.txt]
[openedappsauthen.com/access/_DataURI/data.image.svg.xml.6f6c42bd6591a.txt]
[openedappsauthen.com/access/_DataURI/data.image.svg.xml.25a22f2936037.txt]
[openedappsauthen.com/access/_DataURI/data.image.svg.xml.de5534ac13496.txt]
[openedappsauthen.com/access/_DataURI/index.html]
[openedappsauthen.com/access/assets/index.html]
[openedappsauthen.com/access/fonts.gstatic.com/index.html]
[openedappsauthen.com/access/src/index.html]
[openedappsauthen.com/access/static/index.html]
[cdnjs.cloudflare.com/ajax/libs/font-awesome/5.15.4/css/all.min.css]
[openedappsauthen.com/access/point/assets/images/barcode.jpg]
[openedappsauthen.com/access/point/barcode-generated.html]
[openedappsauthen.com/access/indexb70a.html]
[openedappsauthen.com/access/index72c9.html]
[openedappsauthen.com/access/index5851.html]
[openedappsauthen.com/access/indexad3f.html]
[openedappsauthen.com/access/_DataURI/indexc052.html]
[openedappsauthen.com/access/_DataURI/indexf8a0.html]
[openedappsauthen.com/access/_DataURI/indexbfec.html]
[openedappsauthen.com/access/_DataURI/index30b5.html]
[openedappsauthen.com/access/assets/indexc052.html]
[openedappsauthen.com/access/assets/indexf8a0.html]
[openedappsauthen.com/access/assets/indexbfec.html]
[openedappsauthen.com/access/assets/index30b5.html]
[openedappsauthen.com/access/fonts.gstatic.com/indexc052.html]
[openedappsauthen.com/access/fonts.gstatic.com/indexf8a0.html]
[openedappsauthen.com/access/fonts.gstatic.com/indexbfec.html]
[openedappsauthen.com/access/fonts.gstatic.com/index30b5.html]
[openedappsauthen.com/access/fonts.gstatic.com/s/index.html]
[openedappsauthen.com/access/src/indexc052.html]
[openedappsauthen.com/access/src/indexf8a0.html]
[openedappsauthen.com/access/src/indexbfec.html]
[openedappsauthen.com/access/src/index30b5.html]
[openedappsauthen.com/access/src/css/index.html]
[openedappsauthen.com/access/src/js/index.html]
[openedappsauthen.com/access/static/indexc052.html]
[openedappsauthen.com/access/static/indexf8a0.html]
[openedappsauthen.com/access/static/indexbfec.html]
[openedappsauthen.com/access/static/index30b5.html]
[openedappsauthen.com/access/_DataURI/indexb70a.html]
[openedappsauthen.com/access/_DataURI/index72c9.html]
[openedappsauthen.com/access/_DataURI/index5851.html]
[openedappsauthen.com/access/_DataURI/indexad3f.html]
[openedappsauthen.com/access/assets/indexb70a.html]
[openedappsauthen.com/access/assets/index72c9.html]
[openedappsauthen.com/access/assets/index5851.html]
[openedappsauthen.com/access/assets/indexad3f.html]
[openedappsauthen.com/access/fonts.gstatic.com/indexb70a.html]
[openedappsauthen.com/access/fonts.gstatic.com/index72c9.html]
[openedappsauthen.com/access/fonts.gstatic.com/index5851.html]
[openedappsauthen.com/access/fonts.gstatic.com/indexad3f.html]
[openedappsauthen.com/access/fonts.gstatic.com/s/indexc052.html]
[openedappsauthen.com/access/fonts.gstatic.com/s/indexf8a0.html]
[openedappsauthen.com/access/fonts.gstatic.com/s/indexbfec.html]
[openedappsauthen.com/access/fonts.gstatic.com/s/index30b5.html]
[openedappsauthen.com/access/fonts.gstatic.com/s/dmsans/index.html]
[openedappsauthen.com/access/src/indexb70a.html]
[openedappsauthen.com/access/src/index72c9.html]
[openedappsauthen.com/access/src/index5851.html]
[openedappsauthen.com/access/src/indexad3f.html]
[openedappsauthen.com/access/src/css/indexc052.html]
[openedappsauthen.com/access/src/css/indexf8a0.html]
[openedappsauthen.com/access/src/css/indexbfec.html]
[openedappsauthen.com/access/src/css/index30b5.html]
[openedappsauthen.com/access/src/js/indexc052.html]
[openedappsauthen.com/access/src/js/indexf8a0.html]
[openedappsauthen.com/access/src/js/indexbfec.html]
[openedappsauthen.com/access/src/js/index30b5.html]
[openedappsauthen.com/access/static/indexb70a.html]
[openedappsauthen.com/access/static/index72c9.html]
[openedappsauthen.com/access/static/index5851.html]
[openedappsauthen.com/access/static/indexad3f.html]
[openedappsauthen.com/access/fonts.gstatic.com/s/indexb70a.html]
[openedappsauthen.com/access/fonts.gstatic.com/s/index72c9.html]
[openedappsauthen.com/access/fonts.gstatic.com/s/index5851.html]
[openedappsauthen.com/access/fonts.gstatic.com/s/indexad3f.html]
[openedappsauthen.com/access/fonts.gstatic.com/s/dmsans/indexc052.html]
[openedappsauthen.com/access/fonts.gstatic.com/s/dmsans/indexf8a0.html]
[openedappsauthen.com/access/fonts.gstatic.com/s/dmsans/indexbfec.html]
[openedappsauthen.com/access/fonts.gstatic.com/s/dmsans/index30b5.html]
[openedappsauthen.com/access/fonts.gstatic.com/s/dmsans/v6/rP2Cp2ywxg089UriASitCBimCw.woff2]
[openedappsauthen.com/access/fonts.gstatic.com/s/dmsans/v6/rP2Cp2ywxg089UriAWCrCBimCw.woff2]
[openedappsauthen.com/access/fonts.gstatic.com/s/dmsans/v6/rP2Hp2ywxg089UriCZOIHQ.woff2]
[openedappsauthen.com/access/fonts.gstatic.com/s/dmsans/v6/index.html]
[openedappsauthen.com/access/src/css/indexb70a.html]
[openedappsauthen.com/access/src/css/index72c9.html]
[openedappsauthen.com/access/src/css/index5851.html]
[openedappsauthen.com/access/src/css/indexad3f.html]
[openedappsauthen.com/access/src/js/indexb70a.html]
[openedappsauthen.com/access/src/js/index72c9.html]
[openedappsauthen.com/access/src/js/index5851.html]
[openedappsauthen.com/access/src/js/indexad3f.html]
[openedappsauthen.com/access/fonts.gstatic.com/s/dmsans/indexb70a.html]
[openedappsauthen.com/access/fonts.gstatic.com/s/dmsans/index72c9.html]
[openedappsauthen.com/access/fonts.gstatic.com/s/dmsans/index5851.html]
[openedappsauthen.com/access/fonts.gstatic.com/s/dmsans/indexad3f.html]
[openedappsauthen.com/access/fonts.gstatic.com/s/dmsans/v6/indexc052.html]
[openedappsauthen.com/access/fonts.gstatic.com/s/dmsans/v6/indexf8a0.html]
[openedappsauthen.com/access/fonts.gstatic.com/s/dmsans/v6/indexbfec.html]
[openedappsauthen.com/access/fonts.gstatic.com/s/dmsans/v6/index30b5.html]
[openedappsauthen.com/access/fonts.gstatic.com/s/dmsans/v6/indexb70a.html]
[openedappsauthen.com/access/fonts.gstatic.com/s/dmsans/v6/index72c9.html]
[openedappsauthen.com/access/fonts.gstatic.com/s/dmsans/v6/index5851.html]
[openedappsauthen.com/access/fonts.gstatic.com/s/dmsans/v6/indexad3f.html]
